<?xml version="1.0" encoding="UTF-8"?>
<testsuite xmlns:xsi="http://www.w3.org/2001/XMLSchema-instance" xsi:noNamespaceSchemaLocation="https://maven.apache.org/surefire/maven-surefire-plugin/xsd/surefire-test-report-3.0.xsd" version="3.0" name="com.example.tomatomall.AccountServiceTests" time="0.448" tests="5" errors="0" skipped="0" failures="0">
  <properties>
[...]
</properties>
  <testcase name="testAuthenticate" classname="com.example.tomatomall.AccountServiceTests" time="0.413"/>
  <testcase name="testAuthenticateWithWrongPassword" classname="com.example.tomatomall.AccountServiceTests" time="0.002"/>
  <testcase name="testUpdateUser" classname="com.example.tomatomall.AccountServiceTests" time="0.009"/>
  <testcase name="testFindByUsername" classname="com.example.tomatomall.AccountServiceTests" time="0.001"/>
  <testcase name="testCreateUser" classname="com.example.tomatomall.AccountServiceTests" time="0.001"/>
</testsuite>